<?xml version="1.0" encoding="UTF-8"?>
<!-- Generated by org.testng.reporters.JUnitReportReporter -->
<testsuite skipped="0" hostname="INBLN301" name="testlayer.Sample_TestCase_002" tests="2" failures="0" timestamp="26 Dec 2018 06:30:29 GMT" time="16.606" errors="0">
  <testcase name="NavigateToEmerio" time="8.361" classname="testlayer.Sample_TestCase_002"/>
  <testcase name="NavigateToEmerio" time="8.245" classname="testlayer.Sample_TestCase_002"/>
</testsuite> <!-- testlayer.Sample_TestCase_002 -->
