<?xml version="1.0" encoding="UTF-8"?>
<!-- Generated by org.testng.reporters.JUnitReportReporter -->
<testsuite skipped="0" hostname="INBLN301" name="testlayer.Sample_TestCase_001" tests="2" failures="0" timestamp="26 Dec 2018 06:30:29 GMT" time="35.536" errors="0">
  <testcase name="SearchEmerio" time="17.722" classname="testlayer.Sample_TestCase_001"/>
  <testcase name="SearchEmerio" time="17.814" classname="testlayer.Sample_TestCase_001"/>
</testsuite> <!-- testlayer.Sample_TestCase_001 -->
